<?xml version="1.0" encoding="UTF-8"?>
<!-- Generated by org.testng.reporters.JUnitReportReporter -->
<testsuite hostname="kmaster" failures="0" tests="3" name="test.Validation" time="0.211" errors="0" timestamp="2025-08-05T19:31:33 GST" skipped="0">
  <testcase classname="test.Validation" name="passwordBoxPlaceholderValidation" time="0.042">
    <system-out>
      <![CDATA[Password Placeholder: Password]]>
    </system-out>
  </testcase> <!-- passwordBoxPlaceholderValidation -->
  <testcase classname="test.Validation" name="welcomeMessageValidation" time="0.057">
    <system-out>
      <![CDATA[Actual Welcome Message: Connect with friends and the world around you on Facebook.]]>
    </system-out>
  </testcase> <!-- welcomeMessageValidation -->
  <testcase classname="test.Validation" name="emailTextBoxPlaceholderValidation" time="0.112">
    <system-out>
      <![CDATA[Email Placeholder: Email or phone number]]>
    </system-out>
  </testcase> <!-- emailTextBoxPlaceholderValidation -->
  <system-out>
    <![CDATA[Email Placeholder: Email or phone number
Password Placeholder: Password
Actual Welcome Message: Connect with friends and the world around you on Facebook.]]>
  </system-out>
</testsuite> <!-- test.Validation -->
